<?xml version="1.0" encoding="UTF-8"?>
<testsuite xmlns:xsi="http://www.w3.org/2001/XMLSchema-instance" xsi:noNamespaceSchemaLocation="https://maven.apache.org/surefire/maven-surefire-plugin/xsd/surefire-test-report.xsd" version="3.0.2" name="com.challenge.assistant.ChallengeAssitantServiceApplicationTests" time="7.178" tests="1" errors="0" skipped="0" failures="0">
  <properties>
[...]
</properties>
  <testcase name="contextLoads" classname="com.challenge.assistant.ChallengeAssitantServiceApplicationTests" time="0.913">
    <system-out><![CDATA[20:44:59.894 [main] INFO org.springframework.test.context.support.AnnotationConfigContextLoaderUtils -- Could not detect default configuration classes for test class [com.challenge.assistant.ChallengeAssitantServiceApplicationTests]: ChallengeAssitantServiceApplicationTests does not declare any static, non-private, non-final, nested classes annotated with @Configuration.
20:45:00.091 [main] INFO org.springframework.boot.test.context.SpringBootTestContextBootstrapper -- Found @SpringBootConfiguration com.challenge.assistant.ChallengeAssitantServiceApplication for test class com.challenge.assistant.ChallengeAssitantServiceApplicationTests

  .   ____          _            __ _ _
 /\\ / ___'_ __ _ _(_)_ __  __ _ \ \ \ \
( ( )\___ | '_ | '_| | '_ \/ _` | \ \ \ \
 \\/  ___)| |_)| | | | | || (_| |  ) ) ) )
  '  |____| .__|_| |_|_| |_\__, | / / / /
 =========|_|==============|___/=/_/_/_/

 :: Spring Boot ::      (v3.5.10-SNAPSHOT)

2026-01-08T20:45:01.075Z  INFO 4106 --- [challenge-assitant-service] [           main] ChallengeAssitantServiceApplicationTests : Starting ChallengeAssitantServiceApplicationTests using Java 25.0.1 with PID 4106 (started by codespace in /workspaces/challenge-assitant-service)
2026-01-08T20:45:01.078Z  INFO 4106 --- [challenge-assitant-service] [           main] ChallengeAssitantServiceApplicationTests : No active profile set, falling back to 1 default profile: "default"
2026-01-08T20:45:02.830Z  INFO 4106 --- [challenge-assitant-service] [           main] .s.d.r.c.RepositoryConfigurationDelegate : Bootstrapping Spring Data JPA repositories in DEFAULT mode.
2026-01-08T20:45:02.862Z  INFO 4106 --- [challenge-assitant-service] [           main] .s.d.r.c.RepositoryConfigurationDelegate : Finished Spring Data repository scanning in 19 ms. Found 0 JPA repository interfaces.
2026-01-08T20:45:03.438Z  INFO 4106 --- [challenge-assitant-service] [           main] com.zaxxer.hikari.HikariDataSource       : HikariPool-1 - Starting...
2026-01-08T20:45:03.641Z  INFO 4106 --- [challenge-assitant-service] [           main] com.zaxxer.hikari.pool.HikariPool        : HikariPool-1 - Added connection conn0: url=jdbc:h2:mem:7ce71f8e-893b-4a64-ac95-dbbf42754c53 user=SA
2026-01-08T20:45:03.642Z  INFO 4106 --- [challenge-assitant-service] [           main] com.zaxxer.hikari.HikariDataSource       : HikariPool-1 - Start completed.
2026-01-08T20:45:03.892Z  INFO 4106 --- [challenge-assitant-service] [           main] o.hibernate.jpa.internal.util.LogHelper  : HHH000204: Processing PersistenceUnitInfo [name: default]
2026-01-08T20:45:04.022Z  INFO 4106 --- [challenge-assitant-service] [           main] org.hibernate.Version                    : HHH000412: Hibernate ORM core version 6.6.39.Final
2026-01-08T20:45:04.078Z  INFO 4106 --- [challenge-assitant-service] [           main] o.h.c.internal.RegionFactoryInitiator    : HHH000026: Second-level cache disabled
2026-01-08T20:45:04.798Z  INFO 4106 --- [challenge-assitant-service] [           main] o.s.o.j.p.SpringPersistenceUnitInfo      : No LoadTimeWeaver setup: ignoring JPA class transformer
2026-01-08T20:45:04.888Z  INFO 4106 --- [challenge-assitant-service] [           main] org.hibernate.orm.connections.pooling    : HHH10001005: Database info:
	Database JDBC URL [Connecting through datasource 'HikariDataSource (HikariPool-1)']
	Database driver: undefined/unknown
	Database version: 2.3.232
	Autocommit mode: undefined/unknown
	Isolation level: undefined/unknown
	Minimum pool size: undefined/unknown
	Maximum pool size: undefined/unknown
2026-01-08T20:45:05.243Z  INFO 4106 --- [challenge-assitant-service] [           main] o.h.e.t.j.p.i.JtaPlatformInitiator       : HHH000489: No JTA platform available (set 'hibernate.transaction.jta.platform' to enable JTA platform integration)
2026-01-08T20:45:05.248Z  INFO 4106 --- [challenge-assitant-service] [           main] j.LocalContainerEntityManagerFactoryBean : Initialized JPA EntityManagerFactory for persistence unit 'default'
2026-01-08T20:45:05.412Z  WARN 4106 --- [challenge-assitant-service] [           main] JpaBaseConfiguration$JpaWebConfiguration : spring.jpa.open-in-view is enabled by default. Therefore, database queries may be performed during view rendering. Explicitly configure spring.jpa.open-in-view to disable this warning
2026-01-08T20:45:05.928Z  INFO 4106 --- [challenge-assitant-service] [           main] ChallengeAssitantServiceApplicationTests : Started ChallengeAssitantServiceApplicationTests in 5.511 seconds (process running for 7.224)
]]></system-out>
    <system-err><![CDATA[Mockito is currently self-attaching to enable the inline-mock-maker. This will no longer work in future releases of the JDK. Please add Mockito as an agent to your build as described in Mockito's documentation: https://javadoc.io/doc/org.mockito/mockito-core/latest/org.mockito/org/mockito/Mockito.html#0.3
WARNING: A Java agent has been loaded dynamically (/home/codespace/.m2/repository/net/bytebuddy/byte-buddy-agent/1.17.8/byte-buddy-agent-1.17.8.jar)
WARNING: If a serviceability tool is in use, please run with -XX:+EnableDynamicAgentLoading to hide this warning
WARNING: If a serviceability tool is not in use, please run with -Djdk.instrument.traceUsage for more information
WARNING: Dynamic loading of agents will be disallowed by default in a future release
]]></system-err>
  </testcase>
</testsuite>